<?xml version="1.0" encoding="UTF-8"?>
<!-- Generated by org.testng.reporters.JUnitReportReporter -->
<testsuite name="com.vTigerMvnFramework.TestCases.LoginTest" tests="1" time="25.508" ignored="0" failures="0" timestamp="15 Dec 2019 13:31:36 GMT" skipped="0" hostname="nothing" errors="0">
  <testcase name="loginTest" time="25.508" classname="com.vTigerMvnFramework.TestCases.LoginTest"/>
</testsuite> <!-- com.vTigerMvnFramework.TestCases.LoginTest -->
