<?xml version="1.0" encoding="UTF-8"?>
<!-- Generated by org.testng.reporters.JUnitReportReporter -->
<testsuite name="com.vTigerMvnFramework.TestCases.LoginTest" tests="1" time="4.974" ignored="0" failures="0" timestamp="16 Dec 2019 04:19:50 GMT" skipped="0" hostname="DESKTOP-BEUPLQB" errors="0">
  <testcase name="loginTest" time="4.974" classname="com.vTigerMvnFramework.TestCases.LoginTest"/>
</testsuite> <!-- com.vTigerMvnFramework.TestCases.LoginTest -->
